Determining if the pthread_create exist failed with the following output:
Change Dir: /home/yhb/catkin_ws/build_isolated/my_robot_controller/CMakeFiles/CMakeTmp

Run Build Command:"/usr/bin/make" "cmTC_f5f1a/fast"
/usr/bin/make -f CMakeFiles/cmTC_f5f1a.dir/build.make CMakeFiles/cmTC_f5f1a.dir/build
make[1]: Entering directory '/home/yhb/catkin_ws/build_isolated/my_robot_controller/CMakeFiles/CMakeTmp'
Building C object CMakeFiles/cmTC_f5f1a.dir/CheckSymbolExists.c.o
/usr/bin/cc    -o CMakeFiles/cmTC_f5f1a.dir/CheckSymbolExists.c.o   -c /home/yhb/catkin_ws/build_isolated/my_robot_controller/CMakeFiles/CMakeTmp/CheckSymbolExists.c
Linking C executable cmTC_f5f1a
/usr/bin/cmake -E cmake_link_script CMakeFiles/cmTC_f5f1a.dir/link.txt --verbose=1
/usr/bin/cc      -rdynamic CMakeFiles/cmTC_f5f1a.dir/CheckSymbolExists.c.o  -o cmTC_f5f1a 
CMakeFiles/cmTC_f5f1a.dir/CheckSymbolExists.c.o: In function `main':
CheckSymbolExists.c:(.text+0x14): undefined reference to `pthread_create'
CheckSymbolExists.c:(.text+0x18): undefined reference to `pthread_create'
collect2: error: ld returned 1 exit status
CMakeFiles/cmTC_f5f1a.dir/build.make:97: recipe for target 'cmTC_f5f1a' failed
make[1]: *** [cmTC_f5f1a] Error 1
make[1]: Leaving directory '/home/yhb/catkin_ws/build_isolated/my_robot_controller/CMakeFiles/CMakeTmp'
Makefile:126: recipe for target 'cmTC_f5f1a/fast' failed
make: *** [cmTC_f5f1a/fast] Error 2

File /home/yhb/catkin_ws/build_isolated/my_robot_controller/CMakeFiles/CMakeTmp/CheckSymbolExists.c:
/* */
#include <pthread.h>

int main(int argc, char** argv)
{
  (void)argv;
#ifndef pthread_create
  return ((int*)(&pthread_create))[argc];
#else
  (void)argc;
  return 0;
#endif
}

Determining if the function pthread_create exists in the pthreads failed with the following output:
Change Dir: /home/yhb/catkin_ws/build_isolated/my_robot_controller/CMakeFiles/CMakeTmp

Run Build Command:"/usr/bin/make" "cmTC_8f6ff/fast"
/usr/bin/make -f CMakeFiles/cmTC_8f6ff.dir/build.make CMakeFiles/cmTC_8f6ff.dir/build
make[1]: Entering directory '/home/yhb/catkin_ws/build_isolated/my_robot_controller/CMakeFiles/CMakeTmp'
Building C object CMakeFiles/cmTC_8f6ff.dir/CheckFunctionExists.c.o
/usr/bin/cc   -DCHECK_FUNCTION_EXISTS=pthread_create   -o CMakeFiles/cmTC_8f6ff.dir/CheckFunctionExists.c.o   -c /usr/share/cmake-3.10/Modules/CheckFunctionExists.c
Linking C executable cmTC_8f6ff
/usr/bin/cmake -E cmake_link_script CMakeFiles/cmTC_8f6ff.dir/link.txt --verbose=1
/usr/bin/cc  -DCHECK_FUNCTION_EXISTS=pthread_create    -rdynamic CMakeFiles/cmTC_8f6ff.dir/CheckFunctionExists.c.o  -o cmTC_8f6ff -lpthreads 
/usr/bin/ld: cannot find -lpthreads
collect2: error: ld returned 1 exit status
CMakeFiles/cmTC_8f6ff.dir/build.make:97: recipe for target 'cmTC_8f6ff' failed
make[1]: *** [cmTC_8f6ff] Error 1
make[1]: Leaving directory '/home/yhb/catkin_ws/build_isolated/my_robot_controller/CMakeFiles/CMakeTmp'
Makefile:126: recipe for target 'cmTC_8f6ff/fast' failed
make: *** [cmTC_8f6ff/fast] Error 2


